0 info it worked if it ends with ok
1 verbose cli [ 'C:\\Program Files\\nodejs\\node.exe',
1 verbose cli   'C:\\Program Files\\nodejs\\node_modules\\npm\\bin\\npm-cli.js',
1 verbose cli   'start' ]
2 info using npm@3.10.10
3 info using node@v6.10.3
4 verbose run-script [ 'prestart', 'start', 'poststart' ]
5 info lifecycle social-media-analytics@1.0.0~prestart: social-media-analytics@1.0.0
6 silly lifecycle social-media-analytics@1.0.0~prestart: no script for prestart, continuing
7 info lifecycle social-media-analytics@1.0.0~start: social-media-analytics@1.0.0
8 verbose lifecycle social-media-analytics@1.0.0~start: unsafe-perm in lifecycle true
9 verbose lifecycle social-media-analytics@1.0.0~start: PATH: C:\Program Files\nodejs\node_modules\npm\bin\node-gyp-bin;C:\Users\cwang138\Documents\scripts\apisUtilization-master\visjs\node_modules\.bin;C:\Users\cwang138\AppData\Roaming\npm;C:\Program Files\nodejs\;C:\ProgramData\Oracle\Java\javapath;C:\windows\system32;C:\windows;C:\windows\System32\Wbem;C:\windows\System32\WindowsPowerShell\v1.0\;C:\Program Files (x86)\Skype\Phone\;C:\Program Files\nodejs\;C:\Program Files\Git\cmd;C:\Users\cwang138\AppData\Local\Programs\Python\Python36-32\Scripts\;C:\Users\cwang138\AppData\Local\Programs\Python\Python36-32\;C:\Users\cwang138\AppData\Local\Programs\Python\Launcher\;C:\Users\cwang138\nodjs\;C:\Users\cwang138\notepad\;C:\Users\cwang138\AppData\Roaming\npm;C:\Program Files\Docker Toolbox
10 verbose lifecycle social-media-analytics@1.0.0~start: CWD: C:\Users\cwang138\Documents\scripts\apisUtilization-master\visjs
11 silly lifecycle social-media-analytics@1.0.0~start: Args: [ '/d /s /c',
11 silly lifecycle   'concurrently "node app.js" "cd graphql && npm start" ' ]
12 verbose stack Error: kill ENOSYS
12 verbose stack     at exports._errnoException (util.js:1018:11)
12 verbose stack     at process.kill (internal/process.js:190:13)
12 verbose stack     at process.listener (C:\Program Files\nodejs\node_modules\npm\node_modules\npmlog\node_modules\gauge\node_modules\signal-exit\index.js:86:15)
12 verbose stack     at emitNone (events.js:91:20)
12 verbose stack     at process.emit (events.js:185:7)
12 verbose stack     at processEmit (C:\Program Files\nodejs\node_modules\npm\node_modules\npmlog\node_modules\gauge\node_modules\signal-exit\index.js:146:32)
12 verbose stack     at processEmit (C:\Program Files\nodejs\node_modules\npm\node_modules\npm-registry-client\node_modules\npmlog\node_modules\gauge\node_modules\signal-exit\index.js:146:32)
12 verbose stack     at Signal.wrap.onsignal (internal/process.js:217:44)
13 verbose cwd C:\Users\cwang138\Documents\scripts\apisUtilization-master\visjs\scripts\NetworkX
14 error Windows_NT 6.1.7601
15 error argv "C:\\Program Files\\nodejs\\node.exe" "C:\\Program Files\\nodejs\\node_modules\\npm\\bin\\npm-cli.js" "start"
16 error node v6.10.3
17 error npm  v3.10.10
18 error code ENOSYS
19 error errno ENOSYS
20 error syscall kill
21 error kill ENOSYS
22 error If you need help, you may report this error at:
22 error     <https://github.com/npm/npm/issues>
23 verbose exit [ 1, true ]
