0 info it worked if it ends with ok
1 verbose cli [ '/apps/share64/debian7/node/6.11.2/bin/node',
1 verbose cli   '/apps/share64/debian7/node/6.11.2/bin/npm',
1 verbose cli   'start' ]
2 info using npm@3.10.10
3 info using node@v6.11.2
4 verbose stack Error: ENOENT: no such file or directory, open '/home/hub/kwojo314/analytics-standalone/middleware/package.json'
4 verbose stack     at Error (native)
5 verbose cwd /home/hub/kwojo314/analytics-standalone/middleware
6 error Linux 2.6.32-042stab123.9
7 error argv "/apps/share64/debian7/node/6.11.2/bin/node" "/apps/share64/debian7/node/6.11.2/bin/npm" "start"
8 error node v6.11.2
9 error npm  v3.10.10
10 error path /home/hub/kwojo314/analytics-standalone/middleware/package.json
11 error code ENOENT
12 error errno -2
13 error syscall open
14 error enoent ENOENT: no such file or directory, open '/home/hub/kwojo314/analytics-standalone/middleware/package.json'
15 error enoent ENOENT: no such file or directory, open '/home/hub/kwojo314/analytics-standalone/middleware/package.json'
15 error enoent This is most likely not a problem with npm itself
15 error enoent and is related to npm not being able to find a file.
16 verbose exit [ -2, true ]
